<?xml version="1.0" encoding="UTF-8"?>
<!-- Generated by org.testng.reporters.JUnitReportReporter -->
<testsuite hostname="ISIPL-PUNV-L406.local" failures="0" tests="4" name="api.testcases.UserTest2" time="10.819" errors="0" timestamp="2024-03-31T13:02:45 IST" skipped="0">
  <testcase classname="api.testcases.UserTest2" name="testCreateUser" time="4.171"/>
  <system-out/>
  <testcase classname="api.testcases.UserTest2" name="testGetUserData" time="1.781"/>
  <system-out/>
  <testcase classname="api.testcases.UserTest2" name="testUpdateUser" time="3.220"/>
  <system-out/>
  <testcase classname="api.testcases.UserTest2" name="testDeleteUser" time="1.647"/>
  <system-out/>
</testsuite> <!-- api.testcases.UserTest2 -->
